<?xml version="1.0" encoding="UTF-8"?>
<!-- Generated by org.testng.reporters.JUnitReportReporter -->
<testsuite hostname="Jiya" failures="0" tests="1" name="com.demoaut.newtours.ddfTestscripts.DDF" time="5.870" errors="0" timestamp="04 Oct 2019 15:28:04 GMT" skipped="0">
  <testcase classname="com.demoaut.newtours.ddfTestscripts.DDF" name="userValidationTest" time="5.870"/>
</testsuite> <!-- com.demoaut.newtours.ddfTestscripts.DDF -->
